e:\repos\paalel and concurent\parralel_concurrent\cuda lab g\raytracing\raytracing\x64\debug\vc142.pdb
e:\repos\paalel and concurent\parralel_concurrent\cuda lab g\raytracing\raytracing\x64\debug\vc142.idb
e:\repos\paalel and concurent\parralel_concurrent\cuda lab g\raytracing\raytracing\x64\debug\drawing_cuda.obj
e:\repos\paalel and concurent\parralel_concurrent\cuda lab h\raytracing\raytracing\x64\debug\vc142.pdb
e:\repos\paalel and concurent\parralel_concurrent\cuda lab h\raytracing\raytracing\x64\debug\vc142.idb
e:\repos\paalel and concurent\parralel_concurrent\cuda lab h\raytracing\raytracing\x64\debug\drawing_cuda.obj
x64\debug\drawing_cuda.cu.obj
e:\repos\paalel and concurent\parralel_concurrent\cuda lab g\raytracing\x64\debug\raytracing.exe
e:\repos\paalel and concurent\parralel_concurrent\cuda lab g\raytracing\raytracing\x64\debug\raytracing.ilk
e:\repos\paalel and concurent\parralel_concurrent\cuda lab g\raytracing\x64\debug\raytracing.pdb
e:\repos\paalel and concurent\parralel_concurrent\cuda lab g\raytracing\x64\debug\raytracing.lib
e:\repos\paalel and concurent\parralel_concurrent\cuda lab g\raytracing\x64\debug\raytracing.exp
e:\repos\paalel and concurent\parralel_concurrent\cuda lab h\raytracing\x64\debug\raytracing.lib
e:\repos\paalel and concurent\parralel_concurrent\cuda lab h\raytracing\x64\debug\raytracing.exp
e:\repos\paalel and concurent\parralel_concurrent\cuda lab h\raytracing\raytracing\x64\debug\drawing_cuda.cu.cache
e:\repos\paalel and concurent\parralel_concurrent\cuda lab h\raytracing\raytracing\x64\debug\drawing_cuda.cu.obj
e:\repos\paalel and concurent\parralel_concurrent\cuda lab h\raytracing\raytracing\x64\debug\raytracing.ilk
e:\repos\paalel and concurent\parralel_concurrent\cuda lab h\raytracing\x64\debug\raytracing.pdb
e:\repos\paalel and concurent\parralel_concurrent\cuda lab h\raytracing\x64\debug\raytracing.exe
e:\repos\paalel and concurent\parralel_concurrent\cuda lab h\raytracing\raytracing\x64\debug\raytracing.tlog\cl.command.1.tlog
e:\repos\paalel and concurent\parralel_concurrent\cuda lab h\raytracing\raytracing\x64\debug\raytracing.tlog\cl.read.1.tlog
e:\repos\paalel and concurent\parralel_concurrent\cuda lab h\raytracing\raytracing\x64\debug\raytracing.tlog\cl.write.1.tlog
e:\repos\paalel and concurent\parralel_concurrent\cuda lab h\raytracing\raytracing\x64\debug\raytracing.tlog\cudacompile.read.1u.tlog
e:\repos\paalel and concurent\parralel_concurrent\cuda lab h\raytracing\raytracing\x64\debug\raytracing.tlog\cudacompile.write.1u.tlog
e:\repos\paalel and concurent\parralel_concurrent\cuda lab h\raytracing\raytracing\x64\debug\raytracing.tlog\link.command.1.tlog
e:\repos\paalel and concurent\parralel_concurrent\cuda lab h\raytracing\raytracing\x64\debug\raytracing.tlog\link.read.1.tlog
e:\repos\paalel and concurent\parralel_concurrent\cuda lab h\raytracing\raytracing\x64\debug\raytracing.tlog\link.write.1.tlog
e:\repos\paalel and concurent\parralel_concurrent\cuda lab h\raytracing\raytracing\x64\debug\raytracing.tlog\raytracing.write.1u.tlog
